<?xml version="1.0" encoding="UTF-8"?>
<!-- Generated by org.testng.reporters.JUnitReportReporter -->
<testsuite hostname="DESKTOP-N5I0JOS" failures="0" tests="1" name="DEMO.demo1.Testing1" time="5.520" errors="0" timestamp="2023-03-29T21:17:55 IST" skipped="0">
  <testcase classname="DEMO.demo1.Testing1" name="demoqa7" time="5.520"/>
  <system-out/>
</testsuite> <!-- DEMO.demo1.Testing1 -->
